Cambios en el Modelo de datos:
------------------------------

### 15/06/2023 zona_protegida_pto

*  Corregida errata en descripcion 

### 15/06/2023 construccion_lin

*  Corregida errata en descripcion construccion_ligera

### 15/06/2023 construccion_pol

*  Añadido valor refugio en el atributo clase 
*  Ampliada la descripcion de atributo generico.
*  Ampliada la descripción de construccion y construccion_ligera.

### 15/06/2023 construccion_pol

*  Ampliada la descripcion de atributo torre.

### 15/06/2023 aparcamiento_pol

*  Eliminada etiqueda code vacias en clase

### 15/06/2023 aparcamiento_pto

*  Añadido valor aparcamiento en el atributo clase 
*  Añadido descripciones al atributo clase 
*  Eliminada etiqueda code vacias  en clase

### 15/06/2023 ruta_lin

*  Añadido valor via_pecuaria en el atributo clase 

### 12/06/2023 construccion_lin

*  Modificada la descripción de auxiliar_construido y de construccion

### 12/06/2023 estacion_ferrocarril_pol

*  Añadido cambiador al atributo clase

### 12/06/2023 ferrocarril_pol

*  Modificada la descripción

### 12/06/2023 hidrografia_lin

*  Eliminada tilde en hidrografia_lin - subterráneo

### 12/06/2023 instalacion_energia_pol

*  Añadidos valores al atributo clase

### 12/06/2023 lamina_agua_pol

*  Añadido valor vaso_salina al atributo clase

### 12/06/2023 nombre_hidrografia_pto

*  Añadido valor zona_salina al atributo clase 

### 12/06/2023 nombre_orografia_pto

*  Añadidos valores  otros y cueva al atributo clase 

### 12/06/2023 relacion_alfabetica

*  Añadida clase zona_protegida_pto

### 12/06/2023 relacion_tematica

*  Añadida clase zona_protegida_pto

### 12/06/2023 ruta_lin

*  Añadido valor carril_bici en el atributo clase 

### 12/06/2023 servicio_instalación_pto

*  Añadidos valores al atributo clase

### 12/06/2023 zona_dotacional_pol

*  Añadidos valores al atributo clase

### 12/06/2023 zona_industrial_pol

*  Añadido valor explotacion_minera en el atributo clase 

### 12/06/2023 zona_protegida_pol

*  Ampliada la descripción de atributo zona_protegida

### 12/06/2023 zona_protegida_pto

*  Creada la nueva clase, con los mismos atributos de zona_protegida_pol


### 17/04/2023 construccion_lin

*  Se eliminan valores repetidos en el atributo «clase»

### 17/04/2023 ferrocarril_lin, ferrocarril_pol

*  Se añade nuevo atributo «estado»

### 17/04/2023 aparcamiento_pol

* Se añade el valor «aparcamiento» en el atributo «clase»
* Se completan las descripciones en el atributo «clase»

### 05/04/2023 zona_verde_pol

* Se unifican los valores «parque» y «jardin» en «parque_jardin» «clase»

### 05/04/2023 espacio_natural_protegido_pol

* Se añade los valores de Espacios Naturales Protegidos del MITECO en el atributo «clase»

### 05/04/2023 hidrografia_lin

* Se añade atributo «situación»

### 05/04/2023 nombre_poblacion_construccion_pto

* Se eliminan los valores infraestructura_transporte_terrestre e instalacion_portuaria del atributo «clase»

### 05/04/2023 hidrografia_pol y lamina_agua_pol

* Se añade el atributo «persistencia»

### 05/04/2023 construccion_lin

* Se crea nueva clase de entidad «construccion_lin»

### 05/04/2023 aparcamiento_*

* Se añade en sus respectivos atributos «clase» los siguientes valores: aparcamiento_invernal y aparcamiento_seguro

### 05/04/2023 area_servicio_*

* Se añade en sus respectivos atributos «clase» el valor: area_descanso

### 05/04/2023 aerodromo_pto

* Se modificar el atributo «tipo» y se añade el atributo «uso»

### 05/04/2023 aeródromo_*, autopista_*, autovía_*, carretera_*, estacion_ferrocarril_*, puerto_* y via_urbana_lin

* Se añade nuevo atributo «estado»

### 05/04/2023 servicio_instalacion_pto 

* Se crea la clase de entidad servicio_instalacion_pto

### 04/04/2023 lamina_agua_pol 

* Se mofifican los valores balsa_alberca -> balsa_alberca_estanque  y estanque_piscina -> piscina

### 04/04/2023 Cambio genérico

* Se mofifica la descripción del atributo jerarquía

### 14/03/2023 Edificio_pol

* Se cambia la descripción del a tributo «tipo»

### 14/03/2023 nombres geográficos en general

* Se añade el atributo «jerarquía»

### 14/03/2023 nombre_toponimo_lin

* Se crea nueva clase de entidad «nombre_toponimo_lin»

### 14/03/2023 altimetria_pto

* Se añade el valor «punto_elevado" en el atributo «clase» de la clase de entidad «altimetria_pto»

### 14/03/2023 nombre_hidrografia_pto

* Se eliminan los valores «curso_artificial_agua» y «curso_natural_agua» del atributo «clase»

### 14/03/2023 nombre_orografia_pto

* Se eliminan los valores «espacio_protegido_restante» y «parque_nacional_natural» del atributo «clase»

### 14/03/2023 nombre_orografia_pto

Se crea nueva clase de entidad «nombre_orografia_pto»